0 info it worked if it ends with ok
1 verbose cli [ '/Users/sfavorite/.meteor/packages/meteor-tool/.1.4.2_3.gcf5j5++os.osx.x86_64+web.browser+web.cordova/mt-os.osx.x86_64/dev_bundle/bin/node',
1 verbose cli   '/Users/sfavorite/.meteor/packages/meteor-tool/.1.4.2_3.gcf5j5++os.osx.x86_64+web.browser+web.cordova/mt-os.osx.x86_64/dev_bundle/bin/npm',
1 verbose cli   'install',
1 verbose cli   '--save',
1 verbose cli   'bcrypt' ]
2 info using npm@3.10.9
3 info using node@v4.6.2
4 silly loadCurrentTree Starting
5 silly install loadCurrentTree
6 silly install readLocalPackageData
7 silly fetchPackageMetaData bcrypt
8 silly fetchNamedPackageData bcrypt
9 silly mapToRegistry name bcrypt
10 silly mapToRegistry using default registry
11 silly mapToRegistry registry https://registry.npmjs.org/
12 silly mapToRegistry data Result {
12 silly mapToRegistry   raw: 'bcrypt',
12 silly mapToRegistry   scope: null,
12 silly mapToRegistry   escapedName: 'bcrypt',
12 silly mapToRegistry   name: 'bcrypt',
12 silly mapToRegistry   rawSpec: '',
12 silly mapToRegistry   spec: 'latest',
12 silly mapToRegistry   type: 'tag' }
13 silly mapToRegistry uri https://registry.npmjs.org/bcrypt
14 verbose request uri https://registry.npmjs.org/bcrypt
15 verbose request no auth needed
16 info attempt registry request try #1 at 7:23:53 AM
17 verbose request id 053a193c88fa5c84
18 verbose etag W/"583e9edd-142b1"
19 verbose lastModified Wed, 30 Nov 2016 09:41:49 GMT
20 http request GET https://registry.npmjs.org/bcrypt
21 http 304 https://registry.npmjs.org/bcrypt
22 verbose headers { date: 'Wed, 30 Nov 2016 12:23:53 GMT',
22 verbose headers   via: '1.1 varnish',
22 verbose headers   'cache-control': 'max-age=300',
22 verbose headers   etag: 'W/"583e9edd-142b1"',
22 verbose headers   age: '286',
22 verbose headers   connection: 'keep-alive',
22 verbose headers   'x-served-by': 'cache-ord1733-ORD',
22 verbose headers   'x-cache': 'HIT',
22 verbose headers   'x-cache-hits': '2',
22 verbose headers   'x-timer': 'S1480508633.160180,VS0,VE0',
22 verbose headers   vary: 'Accept-Encoding' }
23 silly get cb [ 304,
23 silly get   { date: 'Wed, 30 Nov 2016 12:23:53 GMT',
23 silly get     via: '1.1 varnish',
23 silly get     'cache-control': 'max-age=300',
23 silly get     etag: 'W/"583e9edd-142b1"',
23 silly get     age: '286',
23 silly get     connection: 'keep-alive',
23 silly get     'x-served-by': 'cache-ord1733-ORD',
23 silly get     'x-cache': 'HIT',
23 silly get     'x-cache-hits': '2',
23 silly get     'x-timer': 'S1480508633.160180,VS0,VE0',
23 silly get     vary: 'Accept-Encoding' } ]
24 verbose etag https://registry.npmjs.org/bcrypt from cache
25 verbose get saving bcrypt to /Users/sfavorite/.meteor/packages/meteor-tool/.1.4.2_3.gcf5j5++os.osx.x86_64+web.browser+web.cordova/mt-os.osx.x86_64/dev_bundle/.npm/registry.npmjs.org/bcrypt/.cache.json
26 verbose correctMkdir /Users/sfavorite/.meteor/packages/meteor-tool/.1.4.2_3.gcf5j5++os.osx.x86_64+web.browser+web.cordova/mt-os.osx.x86_64/dev_bundle/.npm correctMkdir not in flight; initializing
27 silly install normalizeTree
28 silly loadCurrentTree Finishing
29 silly loadIdealTree Starting
30 silly install loadIdealTree
31 silly cloneCurrentTree Starting
32 silly install cloneCurrentTreeToIdealTree
33 silly cloneCurrentTree Finishing
34 silly loadShrinkwrap Starting
35 silly install loadShrinkwrap
36 silly loadShrinkwrap Finishing
37 silly loadAllDepsIntoIdealTree Starting
38 silly install loadAllDepsIntoIdealTree
39 silly resolveWithNewModule bcrypt@0.8.7 checking installable status
40 silly cache add args [ 'bcrypt', null ]
41 verbose cache add spec bcrypt
42 silly cache add parsed spec Result {
42 silly cache add   raw: 'bcrypt',
42 silly cache add   scope: null,
42 silly cache add   escapedName: 'bcrypt',
42 silly cache add   name: 'bcrypt',
42 silly cache add   rawSpec: '',
42 silly cache add   spec: 'latest',
42 silly cache add   type: 'tag' }
43 silly addNamed bcrypt@latest
44 verbose addNamed "latest" is being treated as a dist-tag for bcrypt
45 info addNameTag [ 'bcrypt', 'latest' ]
46 silly mapToRegistry name bcrypt
47 silly mapToRegistry using default registry
48 silly mapToRegistry registry https://registry.npmjs.org/
49 silly mapToRegistry data Result {
49 silly mapToRegistry   raw: 'bcrypt',
49 silly mapToRegistry   scope: null,
49 silly mapToRegistry   escapedName: 'bcrypt',
49 silly mapToRegistry   name: 'bcrypt',
49 silly mapToRegistry   rawSpec: '',
49 silly mapToRegistry   spec: 'latest',
49 silly mapToRegistry   type: 'tag' }
50 silly mapToRegistry uri https://registry.npmjs.org/bcrypt
51 verbose addNameTag registry:https://registry.npmjs.org/bcrypt not in flight; fetching
52 verbose get https://registry.npmjs.org/bcrypt not expired, no request
53 silly addNameTag next cb for bcrypt with tag latest
54 silly addNamed bcrypt@0.8.7
55 verbose addNamed "0.8.7" is a plain semver version for bcrypt
56 silly cache afterAdd bcrypt@0.8.7
57 verbose afterAdd /Users/sfavorite/.meteor/packages/meteor-tool/.1.4.2_3.gcf5j5++os.osx.x86_64+web.browser+web.cordova/mt-os.osx.x86_64/dev_bundle/.npm/bcrypt/0.8.7/package/package.json not in flight; writing
58 verbose correctMkdir /Users/sfavorite/.meteor/packages/meteor-tool/.1.4.2_3.gcf5j5++os.osx.x86_64+web.browser+web.cordova/mt-os.osx.x86_64/dev_bundle/.npm correctMkdir not in flight; initializing
59 verbose afterAdd /Users/sfavorite/.meteor/packages/meteor-tool/.1.4.2_3.gcf5j5++os.osx.x86_64+web.browser+web.cordova/mt-os.osx.x86_64/dev_bundle/.npm/bcrypt/0.8.7/package/package.json written
60 silly fetchNamedPackageData bindings
61 silly mapToRegistry name bindings
62 silly mapToRegistry using default registry
63 silly mapToRegistry registry https://registry.npmjs.org/
64 silly mapToRegistry data Result {
64 silly mapToRegistry   raw: 'bindings',
64 silly mapToRegistry   scope: null,
64 silly mapToRegistry   escapedName: 'bindings',
64 silly mapToRegistry   name: 'bindings',
64 silly mapToRegistry   rawSpec: '',
64 silly mapToRegistry   spec: 'latest',
64 silly mapToRegistry   type: 'tag' }
65 silly mapToRegistry uri https://registry.npmjs.org/bindings
66 silly fetchNamedPackageData nan
67 silly mapToRegistry name nan
68 silly mapToRegistry using default registry
69 silly mapToRegistry registry https://registry.npmjs.org/
70 silly mapToRegistry data Result {
70 silly mapToRegistry   raw: 'nan',
70 silly mapToRegistry   scope: null,
70 silly mapToRegistry   escapedName: 'nan',
70 silly mapToRegistry   name: 'nan',
70 silly mapToRegistry   rawSpec: '',
70 silly mapToRegistry   spec: 'latest',
70 silly mapToRegistry   type: 'tag' }
71 silly mapToRegistry uri https://registry.npmjs.org/nan
72 verbose request uri https://registry.npmjs.org/bindings
73 verbose request no auth needed
74 info attempt registry request try #1 at 7:23:53 AM
75 verbose etag W/"580645d3-46f7"
76 verbose lastModified Tue, 18 Oct 2016 15:54:59 GMT
77 http request GET https://registry.npmjs.org/bindings
78 verbose request uri https://registry.npmjs.org/nan
79 verbose request no auth needed
80 info attempt registry request try #1 at 7:23:53 AM
81 verbose etag W/"5818d749-1ce1e"
82 verbose lastModified Tue, 01 Nov 2016 17:56:25 GMT
83 http request GET https://registry.npmjs.org/nan
84 http 304 https://registry.npmjs.org/bindings
85 verbose headers { date: 'Wed, 30 Nov 2016 12:23:53 GMT',
85 verbose headers   via: '1.1 varnish',
85 verbose headers   'cache-control': 'max-age=300',
85 verbose headers   etag: 'W/"580645d3-46f7"',
85 verbose headers   age: '96',
85 verbose headers   connection: 'keep-alive',
85 verbose headers   'x-served-by': 'cache-ord1733-ORD',
85 verbose headers   'x-cache': 'HIT',
85 verbose headers   'x-cache-hits': '1',
85 verbose headers   'x-timer': 'S1480508633.258083,VS0,VE0',
85 verbose headers   vary: 'Accept-Encoding' }
86 silly get cb [ 304,
86 silly get   { date: 'Wed, 30 Nov 2016 12:23:53 GMT',
86 silly get     via: '1.1 varnish',
86 silly get     'cache-control': 'max-age=300',
86 silly get     etag: 'W/"580645d3-46f7"',
86 silly get     age: '96',
86 silly get     connection: 'keep-alive',
86 silly get     'x-served-by': 'cache-ord1733-ORD',
86 silly get     'x-cache': 'HIT',
86 silly get     'x-cache-hits': '1',
86 silly get     'x-timer': 'S1480508633.258083,VS0,VE0',
86 silly get     vary: 'Accept-Encoding' } ]
87 verbose etag https://registry.npmjs.org/bindings from cache
88 verbose get saving bindings to /Users/sfavorite/.meteor/packages/meteor-tool/.1.4.2_3.gcf5j5++os.osx.x86_64+web.browser+web.cordova/mt-os.osx.x86_64/dev_bundle/.npm/registry.npmjs.org/bindings/.cache.json
89 verbose correctMkdir /Users/sfavorite/.meteor/packages/meteor-tool/.1.4.2_3.gcf5j5++os.osx.x86_64+web.browser+web.cordova/mt-os.osx.x86_64/dev_bundle/.npm correctMkdir not in flight; initializing
90 silly resolveWithNewModule bindings@1.2.1 checking installable status
91 silly cache add args [ 'bindings@1.2.1', null ]
92 verbose cache add spec bindings@1.2.1
93 silly cache add parsed spec Result {
93 silly cache add   raw: 'bindings@1.2.1',
93 silly cache add   scope: null,
93 silly cache add   escapedName: 'bindings',
93 silly cache add   name: 'bindings',
93 silly cache add   rawSpec: '1.2.1',
93 silly cache add   spec: '1.2.1',
93 silly cache add   type: 'version' }
94 silly addNamed bindings@1.2.1
95 verbose addNamed "1.2.1" is a plain semver version for bindings
96 silly mapToRegistry name bindings
97 silly mapToRegistry using default registry
98 silly mapToRegistry registry https://registry.npmjs.org/
99 silly mapToRegistry data Result {
99 silly mapToRegistry   raw: 'bindings',
99 silly mapToRegistry   scope: null,
99 silly mapToRegistry   escapedName: 'bindings',
99 silly mapToRegistry   name: 'bindings',
99 silly mapToRegistry   rawSpec: '',
99 silly mapToRegistry   spec: 'latest',
99 silly mapToRegistry   type: 'tag' }
100 silly mapToRegistry uri https://registry.npmjs.org/bindings
101 verbose addNameVersion registry:https://registry.npmjs.org/bindings not in flight; fetching
102 verbose get https://registry.npmjs.org/bindings not expired, no request
103 silly cache afterAdd bindings@1.2.1
104 verbose afterAdd /Users/sfavorite/.meteor/packages/meteor-tool/.1.4.2_3.gcf5j5++os.osx.x86_64+web.browser+web.cordova/mt-os.osx.x86_64/dev_bundle/.npm/bindings/1.2.1/package/package.json not in flight; writing
105 verbose correctMkdir /Users/sfavorite/.meteor/packages/meteor-tool/.1.4.2_3.gcf5j5++os.osx.x86_64+web.browser+web.cordova/mt-os.osx.x86_64/dev_bundle/.npm correctMkdir not in flight; initializing
106 verbose afterAdd /Users/sfavorite/.meteor/packages/meteor-tool/.1.4.2_3.gcf5j5++os.osx.x86_64+web.browser+web.cordova/mt-os.osx.x86_64/dev_bundle/.npm/bindings/1.2.1/package/package.json written
107 http 304 https://registry.npmjs.org/nan
108 verbose headers { date: 'Wed, 30 Nov 2016 12:23:53 GMT',
108 verbose headers   via: '1.1 varnish',
108 verbose headers   'cache-control': 'max-age=300',
108 verbose headers   etag: 'W/"5818d749-1ce1e"',
108 verbose headers   age: '142',
108 verbose headers   connection: 'keep-alive',
108 verbose headers   'x-served-by': 'cache-ord1742-ORD',
108 verbose headers   'x-cache': 'HIT',
108 verbose headers   'x-cache-hits': '5',
108 verbose headers   'x-timer': 'S1480508633.321365,VS0,VE0',
108 verbose headers   vary: 'Accept-Encoding' }
109 silly get cb [ 304,
109 silly get   { date: 'Wed, 30 Nov 2016 12:23:53 GMT',
109 silly get     via: '1.1 varnish',
109 silly get     'cache-control': 'max-age=300',
109 silly get     etag: 'W/"5818d749-1ce1e"',
109 silly get     age: '142',
109 silly get     connection: 'keep-alive',
109 silly get     'x-served-by': 'cache-ord1742-ORD',
109 silly get     'x-cache': 'HIT',
109 silly get     'x-cache-hits': '5',
109 silly get     'x-timer': 'S1480508633.321365,VS0,VE0',
109 silly get     vary: 'Accept-Encoding' } ]
110 verbose etag https://registry.npmjs.org/nan from cache
111 verbose get saving nan to /Users/sfavorite/.meteor/packages/meteor-tool/.1.4.2_3.gcf5j5++os.osx.x86_64+web.browser+web.cordova/mt-os.osx.x86_64/dev_bundle/.npm/registry.npmjs.org/nan/.cache.json
112 verbose correctMkdir /Users/sfavorite/.meteor/packages/meteor-tool/.1.4.2_3.gcf5j5++os.osx.x86_64+web.browser+web.cordova/mt-os.osx.x86_64/dev_bundle/.npm correctMkdir not in flight; initializing
113 silly resolveWithNewModule nan@2.3.5 checking installable status
114 silly cache add args [ 'nan@2.3.5', null ]
115 verbose cache add spec nan@2.3.5
116 silly cache add parsed spec Result {
116 silly cache add   raw: 'nan@2.3.5',
116 silly cache add   scope: null,
116 silly cache add   escapedName: 'nan',
116 silly cache add   name: 'nan',
116 silly cache add   rawSpec: '2.3.5',
116 silly cache add   spec: '2.3.5',
116 silly cache add   type: 'version' }
117 silly addNamed nan@2.3.5
118 verbose addNamed "2.3.5" is a plain semver version for nan
119 silly mapToRegistry name nan
120 silly mapToRegistry using default registry
121 silly mapToRegistry registry https://registry.npmjs.org/
122 silly mapToRegistry data Result {
122 silly mapToRegistry   raw: 'nan',
122 silly mapToRegistry   scope: null,
122 silly mapToRegistry   escapedName: 'nan',
122 silly mapToRegistry   name: 'nan',
122 silly mapToRegistry   rawSpec: '',
122 silly mapToRegistry   spec: 'latest',
122 silly mapToRegistry   type: 'tag' }
123 silly mapToRegistry uri https://registry.npmjs.org/nan
124 verbose addNameVersion registry:https://registry.npmjs.org/nan not in flight; fetching
125 verbose get https://registry.npmjs.org/nan not expired, no request
126 silly cache afterAdd nan@2.3.5
127 verbose afterAdd /Users/sfavorite/.meteor/packages/meteor-tool/.1.4.2_3.gcf5j5++os.osx.x86_64+web.browser+web.cordova/mt-os.osx.x86_64/dev_bundle/.npm/nan/2.3.5/package/package.json not in flight; writing
128 verbose correctMkdir /Users/sfavorite/.meteor/packages/meteor-tool/.1.4.2_3.gcf5j5++os.osx.x86_64+web.browser+web.cordova/mt-os.osx.x86_64/dev_bundle/.npm correctMkdir not in flight; initializing
129 verbose afterAdd /Users/sfavorite/.meteor/packages/meteor-tool/.1.4.2_3.gcf5j5++os.osx.x86_64+web.browser+web.cordova/mt-os.osx.x86_64/dev_bundle/.npm/nan/2.3.5/package/package.json written
130 silly loadAllDepsIntoIdealTree Finishing
131 silly loadIdealTree Finishing
132 silly currentTree meteor-stocks@
132 silly currentTree ├── babel-runtime@6.18.0
132 silly currentTree ├── core-js@2.4.1
132 silly currentTree └── regenerator-runtime@0.9.6
133 silly idealTree meteor-stocks@
133 silly idealTree ├── babel-runtime@6.18.0
133 silly idealTree ├── bcrypt@0.8.7
133 silly idealTree ├── bindings@1.2.1
133 silly idealTree ├── core-js@2.4.1
133 silly idealTree ├── nan@2.3.5
133 silly idealTree └── regenerator-runtime@0.9.6
134 silly generateActionsToTake Starting
135 silly install generateActionsToTake
136 silly generateActionsToTake Finishing
137 silly diffTrees action count 3
138 silly diffTrees add bindings@1.2.1
139 silly diffTrees add nan@2.3.5
140 silly diffTrees add bcrypt@0.8.7
141 silly decomposeActions action count 24
142 silly decomposeActions fetch bindings@1.2.1
143 silly decomposeActions extract bindings@1.2.1
144 silly decomposeActions test bindings@1.2.1
145 silly decomposeActions preinstall bindings@1.2.1
146 silly decomposeActions build bindings@1.2.1
147 silly decomposeActions install bindings@1.2.1
148 silly decomposeActions postinstall bindings@1.2.1
149 silly decomposeActions finalize bindings@1.2.1
150 silly decomposeActions fetch nan@2.3.5
151 silly decomposeActions extract nan@2.3.5
152 silly decomposeActions test nan@2.3.5
153 silly decomposeActions preinstall nan@2.3.5
154 silly decomposeActions build nan@2.3.5
155 silly decomposeActions install nan@2.3.5
156 silly decomposeActions postinstall nan@2.3.5
157 silly decomposeActions finalize nan@2.3.5
158 silly decomposeActions fetch bcrypt@0.8.7
159 silly decomposeActions extract bcrypt@0.8.7
160 silly decomposeActions test bcrypt@0.8.7
161 silly decomposeActions preinstall bcrypt@0.8.7
162 silly decomposeActions build bcrypt@0.8.7
163 silly decomposeActions install bcrypt@0.8.7
164 silly decomposeActions postinstall bcrypt@0.8.7
165 silly decomposeActions finalize bcrypt@0.8.7
166 silly runTopLevelLifecycles Starting
167 silly executeActions Starting
168 silly install executeActions
169 silly doSerial global-install 0
170 silly doParallel fetch 3
171 verbose correctMkdir /Users/sfavorite/.meteor/packages/meteor-tool/.1.4.2_3.gcf5j5++os.osx.x86_64+web.browser+web.cordova/mt-os.osx.x86_64/dev_bundle/.npm/_locks correctMkdir not in flight; initializing
172 verbose lock using /Users/sfavorite/.meteor/packages/meteor-tool/.1.4.2_3.gcf5j5++os.osx.x86_64+web.browser+web.cordova/mt-os.osx.x86_64/dev_bundle/.npm/_locks/staging-c25d7716b0411d42.lock for /Applications/MAMP/htdocs/meteor-stocks/node_modules/.staging
173 silly doParallel extract 3
174 silly extract bindings@1.2.1
175 silly extract nan@2.3.5
176 silly extract bcrypt@0.8.7
177 verbose unbuild node_modules/.staging/bindings-4395a144
178 verbose unbuild node_modules/.staging/nan-01a61977
179 verbose unbuild node_modules/.staging/bcrypt-ac689fcd
180 silly gentlyRm /Applications/MAMP/htdocs/meteor-stocks/node_modules/.staging/bindings-4395a144 is being purged from base /Applications/MAMP/htdocs/meteor-stocks
181 verbose gentlyRm don't care about contents; nuking /Applications/MAMP/htdocs/meteor-stocks/node_modules/.staging/bindings-4395a144
182 silly gentlyRm /Applications/MAMP/htdocs/meteor-stocks/node_modules/.staging/nan-01a61977 is being purged from base /Applications/MAMP/htdocs/meteor-stocks
183 verbose gentlyRm don't care about contents; nuking /Applications/MAMP/htdocs/meteor-stocks/node_modules/.staging/nan-01a61977
184 silly gentlyRm /Applications/MAMP/htdocs/meteor-stocks/node_modules/.staging/bcrypt-ac689fcd is being purged from base /Applications/MAMP/htdocs/meteor-stocks
185 verbose gentlyRm don't care about contents; nuking /Applications/MAMP/htdocs/meteor-stocks/node_modules/.staging/bcrypt-ac689fcd
186 verbose tar unpack /Users/sfavorite/.meteor/packages/meteor-tool/.1.4.2_3.gcf5j5++os.osx.x86_64+web.browser+web.cordova/mt-os.osx.x86_64/dev_bundle/.npm/bindings/1.2.1/package.tgz
187 verbose tar unpacking to /Applications/MAMP/htdocs/meteor-stocks/node_modules/.staging/bindings-4395a144
188 silly gentlyRm /Applications/MAMP/htdocs/meteor-stocks/node_modules/.staging/bindings-4395a144 is being purged
189 verbose gentlyRm don't care about contents; nuking /Applications/MAMP/htdocs/meteor-stocks/node_modules/.staging/bindings-4395a144
190 verbose tar unpack /Users/sfavorite/.meteor/packages/meteor-tool/.1.4.2_3.gcf5j5++os.osx.x86_64+web.browser+web.cordova/mt-os.osx.x86_64/dev_bundle/.npm/nan/2.3.5/package.tgz
191 verbose tar unpacking to /Applications/MAMP/htdocs/meteor-stocks/node_modules/.staging/nan-01a61977
192 silly gentlyRm /Applications/MAMP/htdocs/meteor-stocks/node_modules/.staging/nan-01a61977 is being purged
193 verbose gentlyRm don't care about contents; nuking /Applications/MAMP/htdocs/meteor-stocks/node_modules/.staging/nan-01a61977
194 verbose tar unpack /Users/sfavorite/.meteor/packages/meteor-tool/.1.4.2_3.gcf5j5++os.osx.x86_64+web.browser+web.cordova/mt-os.osx.x86_64/dev_bundle/.npm/bcrypt/0.8.7/package.tgz
195 verbose tar unpacking to /Applications/MAMP/htdocs/meteor-stocks/node_modules/.staging/bcrypt-ac689fcd
196 silly gentlyRm /Applications/MAMP/htdocs/meteor-stocks/node_modules/.staging/bcrypt-ac689fcd is being purged
197 verbose gentlyRm don't care about contents; nuking /Applications/MAMP/htdocs/meteor-stocks/node_modules/.staging/bcrypt-ac689fcd
198 silly gunzTarPerm modes [ '755', '644' ]
199 silly gunzTarPerm modes [ '755', '644' ]
200 silly gunzTarPerm modes [ '755', '644' ]
201 silly gunzTarPerm extractEntry package.json
202 silly gunzTarPerm extractEntry package.json
203 silly gunzTarPerm modified mode [ 'package.json', 436, 420 ]
204 silly gunzTarPerm extractEntry package.json
205 silly gunzTarPerm extractEntry README.md
206 silly gunzTarPerm extractEntry bindings.js
207 silly gunzTarPerm extractEntry README.md
208 silly gunzTarPerm modified mode [ 'README.md', 436, 420 ]
209 silly gunzTarPerm extractEntry .npmignore
210 silly gunzTarPerm extractEntry README.md
211 silly gunzTarPerm extractEntry include_dirs.js
212 silly gunzTarPerm modified mode [ 'include_dirs.js', 436, 420 ]
213 silly gunzTarPerm extractEntry LICENSE
214 silly gunzTarPerm extractEntry bcrypt.js
215 silly gunzTarPerm extractEntry Makefile
216 silly gunzTarPerm extractEntry .travis.yml
217 silly gunzTarPerm extractEntry CHANGELOG.md
218 silly gunzTarPerm extractEntry binding.gyp
219 silly gunzTarPerm extractEntry examples/async_compare.js
220 silly gunzTarPerm extractEntry examples/forever_gen_salt.js
221 silly gunzTarPerm extractEntry test/async.js
222 silly gunzTarPerm extractEntry test/repetitions.js
223 silly gunzTarPerm extractEntry test/sync.js
224 silly gunzTarPerm extractEntry ISSUE_TEMPLATE.md
225 silly gunzTarPerm extractEntry src/bcrypt.cc
226 silly gunzTarPerm extractEntry src/bcrypt_node.cc
227 silly gunzTarPerm extractEntry src/blowfish.cc
228 silly gunzTarPerm extractEntry src/node_blf.h
229 silly gunzTarPerm extractEntry werker.yml
230 silly gunzTarPerm extractEntry nan_converters.h
231 silly gunzTarPerm modified mode [ 'nan_converters.h', 436, 420 ]
232 silly gunzTarPerm extractEntry LICENSE.md
233 silly gunzTarPerm modified mode [ 'LICENSE.md', 436, 420 ]
234 silly gunzTarPerm extractEntry doc/node_misc.md
235 silly gunzTarPerm modified mode [ 'doc/node_misc.md', 436, 420 ]
236 silly gunzTarPerm extractEntry doc/asyncworker.md
237 silly gunzTarPerm modified mode [ 'doc/asyncworker.md', 436, 420 ]
238 silly gunzTarPerm extractEntry doc/callback.md
239 silly gunzTarPerm modified mode [ 'doc/callback.md', 436, 420 ]
240 silly gunzTarPerm extractEntry doc/converters.md
241 silly gunzTarPerm modified mode [ 'doc/converters.md', 436, 420 ]
242 silly gunzTarPerm extractEntry doc/errors.md
243 silly gunzTarPerm modified mode [ 'doc/errors.md', 436, 420 ]
244 silly gunzTarPerm extractEntry doc/maybe_types.md
245 silly gunzTarPerm modified mode [ 'doc/maybe_types.md', 436, 420 ]
246 silly gunzTarPerm extractEntry doc/methods.md
247 silly gunzTarPerm modified mode [ 'doc/methods.md', 436, 420 ]
248 silly gunzTarPerm extractEntry doc/new.md
249 silly gunzTarPerm modified mode [ 'doc/new.md', 436, 420 ]
250 silly gentlyRm /Applications/MAMP/htdocs/meteor-stocks/node_modules/.staging/bindings-4395a144/node_modules is being purged
251 verbose gentlyRm don't care about contents; nuking /Applications/MAMP/htdocs/meteor-stocks/node_modules/.staging/bindings-4395a144/node_modules
252 silly gunzTarPerm extractEntry doc/buffers.md
253 silly gunzTarPerm modified mode [ 'doc/buffers.md', 436, 420 ]
254 silly gunzTarPerm extractEntry doc/object_wrappers.md
255 silly gunzTarPerm modified mode [ 'doc/object_wrappers.md', 436, 420 ]
256 silly gunzTarPerm extractEntry doc/persistent.md
257 silly gunzTarPerm modified mode [ 'doc/persistent.md', 436, 420 ]
258 silly gunzTarPerm extractEntry doc/scopes.md
259 silly gunzTarPerm modified mode [ 'doc/scopes.md', 436, 420 ]
260 silly gunzTarPerm extractEntry doc/script.md
261 silly gunzTarPerm modified mode [ 'doc/script.md', 436, 420 ]
262 silly gunzTarPerm extractEntry doc/string_bytes.md
263 silly gunzTarPerm modified mode [ 'doc/string_bytes.md', 436, 420 ]
264 silly gunzTarPerm extractEntry doc/v8_internals.md
265 silly gunzTarPerm modified mode [ 'doc/v8_internals.md', 436, 420 ]
266 silly gunzTarPerm extractEntry doc/v8_misc.md
267 silly gunzTarPerm modified mode [ 'doc/v8_misc.md', 436, 420 ]
268 silly gunzTarPerm extractEntry nan.h
269 silly gunzTarPerm modified mode [ 'nan.h', 436, 420 ]
270 silly gunzTarPerm extractEntry nan_callbacks.h
271 silly gunzTarPerm modified mode [ 'nan_callbacks.h', 436, 420 ]
272 silly gunzTarPerm extractEntry nan_callbacks_12_inl.h
273 silly gunzTarPerm modified mode [ 'nan_callbacks_12_inl.h', 436, 420 ]
274 silly gunzTarPerm extractEntry nan_callbacks_pre_12_inl.h
275 silly gunzTarPerm modified mode [ 'nan_callbacks_pre_12_inl.h', 436, 420 ]
276 silly gunzTarPerm extractEntry nan_converters_43_inl.h
277 silly gunzTarPerm modified mode [ 'nan_converters_43_inl.h', 436, 420 ]
278 silly gunzTarPerm extractEntry nan_converters_pre_43_inl.h
279 silly gunzTarPerm modified mode [ 'nan_converters_pre_43_inl.h', 436, 420 ]
280 silly gunzTarPerm extractEntry nan_implementation_12_inl.h
281 silly gunzTarPerm modified mode [ 'nan_implementation_12_inl.h', 436, 420 ]
282 silly gunzTarPerm extractEntry nan_implementation_pre_12_inl.h
283 silly gunzTarPerm modified mode [ 'nan_implementation_pre_12_inl.h', 436, 420 ]
284 silly gunzTarPerm extractEntry nan_maybe_43_inl.h
285 silly gunzTarPerm modified mode [ 'nan_maybe_43_inl.h', 436, 420 ]
286 silly gunzTarPerm extractEntry nan_maybe_pre_43_inl.h
287 silly gunzTarPerm modified mode [ 'nan_maybe_pre_43_inl.h', 436, 420 ]
288 silly gunzTarPerm extractEntry nan_new.h
289 silly gunzTarPerm modified mode [ 'nan_new.h', 436, 420 ]
290 silly gunzTarPerm extractEntry nan_object_wrap.h
291 silly gunzTarPerm modified mode [ 'nan_object_wrap.h', 436, 420 ]
292 silly gunzTarPerm extractEntry nan_persistent_12_inl.h
293 silly gunzTarPerm modified mode [ 'nan_persistent_12_inl.h', 436, 420 ]
294 silly gunzTarPerm extractEntry nan_persistent_pre_12_inl.h
295 silly gunzTarPerm modified mode [ 'nan_persistent_pre_12_inl.h', 436, 420 ]
296 silly gunzTarPerm extractEntry nan_string_bytes.h
297 silly gunzTarPerm modified mode [ 'nan_string_bytes.h', 436, 420 ]
298 silly gunzTarPerm extractEntry nan_typedarray_contents.h
299 silly gunzTarPerm modified mode [ 'nan_typedarray_contents.h', 436, 420 ]
300 silly gunzTarPerm extractEntry nan_weak.h
301 silly gunzTarPerm modified mode [ 'nan_weak.h', 436, 420 ]
302 silly gunzTarPerm extractEntry CHANGELOG.md
303 silly gunzTarPerm modified mode [ 'CHANGELOG.md', 436, 420 ]
304 silly gunzTarPerm extractEntry tools/package.json
305 silly gunzTarPerm modified mode [ 'tools/package.json', 436, 420 ]
306 silly gunzTarPerm extractEntry tools/README.md
307 silly gunzTarPerm modified mode [ 'tools/README.md', 436, 420 ]
308 silly gunzTarPerm extractEntry tools/1to2.js
309 silly gunzTarPerm modified mode [ 'tools/1to2.js', 509, 493 ]
310 silly gentlyRm /Applications/MAMP/htdocs/meteor-stocks/node_modules/.staging/bcrypt-ac689fcd/node_modules is being purged
311 verbose gentlyRm don't care about contents; nuking /Applications/MAMP/htdocs/meteor-stocks/node_modules/.staging/bcrypt-ac689fcd/node_modules
312 silly gentlyRm /Applications/MAMP/htdocs/meteor-stocks/node_modules/.staging/nan-01a61977/node_modules is being purged
313 verbose gentlyRm don't care about contents; nuking /Applications/MAMP/htdocs/meteor-stocks/node_modules/.staging/nan-01a61977/node_modules
314 silly doParallel preinstall 3
315 silly preinstall bindings@1.2.1 /Applications/MAMP/htdocs/meteor-stocks/node_modules/.staging/bindings-4395a144
316 info lifecycle bindings@1.2.1~preinstall: bindings@1.2.1
317 silly preinstall nan@2.3.5 /Applications/MAMP/htdocs/meteor-stocks/node_modules/.staging/nan-01a61977
318 info lifecycle nan@2.3.5~preinstall: nan@2.3.5
319 silly preinstall bcrypt@0.8.7 /Applications/MAMP/htdocs/meteor-stocks/node_modules/.staging/bcrypt-ac689fcd
320 info lifecycle bcrypt@0.8.7~preinstall: bcrypt@0.8.7
321 silly lifecycle bindings@1.2.1~preinstall: no script for preinstall, continuing
322 silly lifecycle nan@2.3.5~preinstall: no script for preinstall, continuing
323 silly lifecycle bcrypt@0.8.7~preinstall: no script for preinstall, continuing
324 silly doReverseSerial remove 0
325 silly doSerial move 0
326 silly doSerial finalize 3
327 silly finalize /Applications/MAMP/htdocs/meteor-stocks/node_modules/bindings
328 silly finalize /Applications/MAMP/htdocs/meteor-stocks/node_modules/nan
329 silly finalize /Applications/MAMP/htdocs/meteor-stocks/node_modules/bcrypt
330 silly doSerial build 3
331 silly build bindings@1.2.1
332 info linkStuff bindings@1.2.1
333 silly linkStuff bindings@1.2.1 has /Applications/MAMP/htdocs/meteor-stocks/node_modules as its parent node_modules
334 verbose linkBins bindings@1.2.1
335 verbose linkMans bindings@1.2.1
336 silly build nan@2.3.5
337 info linkStuff nan@2.3.5
338 silly linkStuff nan@2.3.5 has /Applications/MAMP/htdocs/meteor-stocks/node_modules as its parent node_modules
339 verbose linkBins nan@2.3.5
340 verbose linkMans nan@2.3.5
341 silly build bcrypt@0.8.7
342 info linkStuff bcrypt@0.8.7
343 silly linkStuff bcrypt@0.8.7 has /Applications/MAMP/htdocs/meteor-stocks/node_modules as its parent node_modules
344 verbose linkBins bcrypt@0.8.7
345 verbose linkMans bcrypt@0.8.7
346 silly doSerial global-link 0
347 silly doParallel update-linked 0
348 silly doSerial install 3
349 silly install bindings@1.2.1 /Applications/MAMP/htdocs/meteor-stocks/node_modules/.staging/bindings-4395a144
350 info lifecycle bindings@1.2.1~install: bindings@1.2.1
351 silly lifecycle bindings@1.2.1~install: no script for install, continuing
352 silly install nan@2.3.5 /Applications/MAMP/htdocs/meteor-stocks/node_modules/.staging/nan-01a61977
353 info lifecycle nan@2.3.5~install: nan@2.3.5
354 silly lifecycle nan@2.3.5~install: no script for install, continuing
355 silly install bcrypt@0.8.7 /Applications/MAMP/htdocs/meteor-stocks/node_modules/.staging/bcrypt-ac689fcd
356 info lifecycle bcrypt@0.8.7~install: bcrypt@0.8.7
357 verbose lifecycle bcrypt@0.8.7~install: unsafe-perm in lifecycle true
358 verbose lifecycle bcrypt@0.8.7~install: PATH: /Users/sfavorite/.meteor/packages/meteor-tool/.1.4.2_3.gcf5j5++os.osx.x86_64+web.browser+web.cordova/mt-os.osx.x86_64/dev_bundle/lib/node_modules/npm/bin/node-gyp-bin:/Applications/MAMP/htdocs/meteor-stocks/node_modules/bcrypt/node_modules/.bin:/Applications/MAMP/htdocs/meteor-stocks/node_modules/.bin:/Users/sfavorite/.meteor/packages/meteor-tool/.1.4.2_3.gcf5j5++os.osx.x86_64+web.browser+web.cordova/mt-os.osx.x86_64/dev_bundle/bin:/Users/sfavorite/.meteor/packages/meteor-tool/.1.4.2_3.gcf5j5++os.osx.x86_64+web.browser+web.cordova/mt-os.osx.x86_64/dev_bundle/lib/node_modules/.bin:/opt/local/bin:/opt/local/sbin:/Users/sfavorite/anaconda/bin:/Applications/MAMP/bin/php/php5.6.10/bin:/usr/local/bin:/usr/bin:/bin:/usr/sbin:/sbin:/opt/local/bin:/opt/X11/bin:/Library/TeX/texbin
359 verbose lifecycle bcrypt@0.8.7~install: CWD: /Applications/MAMP/htdocs/meteor-stocks/node_modules/bcrypt
360 silly lifecycle bcrypt@0.8.7~install: Args: [ '-c', 'node-gyp rebuild' ]
361 silly lifecycle bcrypt@0.8.7~install: Returned: code: 1  signal: null
362 info lifecycle bcrypt@0.8.7~install: Failed to exec install script
363 verbose unlock done using /Users/sfavorite/.meteor/packages/meteor-tool/.1.4.2_3.gcf5j5++os.osx.x86_64+web.browser+web.cordova/mt-os.osx.x86_64/dev_bundle/.npm/_locks/staging-c25d7716b0411d42.lock for /Applications/MAMP/htdocs/meteor-stocks/node_modules/.staging
364 silly rollbackFailedOptional Starting
365 silly rollbackFailedOptional Finishing
366 silly runTopLevelLifecycles Finishing
367 silly install printInstalled
368 verbose stack Error: bcrypt@0.8.7 install: `node-gyp rebuild`
368 verbose stack Exit status 1
368 verbose stack     at EventEmitter.<anonymous> (/Users/sfavorite/.meteor/packages/meteor-tool/.1.4.2_3.gcf5j5++os.osx.x86_64+web.browser+web.cordova/mt-os.osx.x86_64/dev_bundle/lib/node_modules/npm/lib/utils/lifecycle.js:255:16)
368 verbose stack     at emitTwo (events.js:87:13)
368 verbose stack     at EventEmitter.emit (events.js:172:7)
368 verbose stack     at ChildProcess.<anonymous> (/Users/sfavorite/.meteor/packages/meteor-tool/.1.4.2_3.gcf5j5++os.osx.x86_64+web.browser+web.cordova/mt-os.osx.x86_64/dev_bundle/lib/node_modules/npm/lib/utils/spawn.js:40:14)
368 verbose stack     at emitTwo (events.js:87:13)
368 verbose stack     at ChildProcess.emit (events.js:172:7)
368 verbose stack     at maybeClose (internal/child_process.js:854:16)
368 verbose stack     at Process.ChildProcess._handle.onexit (internal/child_process.js:222:5)
369 verbose pkgid bcrypt@0.8.7
370 verbose cwd /Applications/MAMP/htdocs/meteor-stocks
371 error Darwin 16.1.0
372 error argv "/Users/sfavorite/.meteor/packages/meteor-tool/.1.4.2_3.gcf5j5++os.osx.x86_64+web.browser+web.cordova/mt-os.osx.x86_64/dev_bundle/bin/node" "/Users/sfavorite/.meteor/packages/meteor-tool/.1.4.2_3.gcf5j5++os.osx.x86_64+web.browser+web.cordova/mt-os.osx.x86_64/dev_bundle/bin/npm" "install" "--save" "bcrypt"
373 error node v4.6.2
374 error npm  v3.10.9
375 error code ELIFECYCLE
376 error bcrypt@0.8.7 install: `node-gyp rebuild`
376 error Exit status 1
377 error Failed at the bcrypt@0.8.7 install script 'node-gyp rebuild'.
377 error Make sure you have the latest version of node.js and npm installed.
377 error If you do, this is most likely a problem with the bcrypt package,
377 error not with npm itself.
377 error Tell the author that this fails on your system:
377 error     node-gyp rebuild
377 error You can get information on how to open an issue for this project with:
377 error     npm bugs bcrypt
377 error Or if that isn't available, you can get their info via:
377 error     npm owner ls bcrypt
377 error There is likely additional logging output above.
378 verbose exit [ 1, true ]
